INFO:root:Loading data sets
INFO:root:data sets loaded
INFO:root:Loading data loaders
INFO:root:data loaders loaded

INFO:root:momentum:0.9
INFO:root:weight_decay:0.0001
INFO:root:LR decay gamma:0.1
INFO:root:LR decay step size:4

INFO:root:Epoch 0/9
INFO:root:--------------------
INFO:root:lr:0.001
INFO:root:Train Loss: 0.9730
INFO:root:LLF: 0.6220585226110088
INFO:root:NLF: 3.7008975161761635

INFO:root:Epoch 1/9
INFO:root:--------------------
INFO:root:lr:0.001
INFO:root:Train Loss: 0.8729
INFO:root:LLF: 0.5256803765091058
INFO:root:NLF: 4.004591943226884

INFO:root:Epoch 2/9
INFO:root:--------------------
INFO:root:lr:0.001
INFO:root:Train Loss: 0.7696
INFO:root:LLF: 0.4207080008184981
INFO:root:NLF: 1.9847630974744312

INFO:root:Epoch 3/9
INFO:root:--------------------
INFO:root:lr:0.001
INFO:root:Train Loss: 0.7028
INFO:root:LLF: 0.444853693472478
INFO:root:NLF: 2.142350240033396

INFO:root:Epoch 4/9
INFO:root:--------------------
INFO:root:lr:0.0001
INFO:root:Train Loss: 0.5772
INFO:root:LLF: 0.48168610599549827
INFO:root:NLF: 2.9561678146524732

INFO:root:Epoch 5/9
INFO:root:--------------------
INFO:root:lr:0.0001
INFO:root:Train Loss: 0.5412
INFO:root:LLF: 0.45815428688356863
INFO:root:NLF: 2.6000834898768526

INFO:root:Epoch 6/9
INFO:root:--------------------
INFO:root:lr:0.0001
INFO:root:Train Loss: 0.5144
INFO:root:LLF: 0.43359934520155513
INFO:root:NLF: 2.165309956167815

INFO:root:Epoch 7/9
INFO:root:--------------------
INFO:root:lr:0.0001
INFO:root:Train Loss: 0.4910
INFO:root:LLF: 0.4211172498465316
INFO:root:NLF: 1.9989563765393445

INFO:root:Epoch 8/9
INFO:root:--------------------
INFO:root:lr:1.0000000000000003e-05
INFO:root:Train Loss: 0.4622
INFO:root:LLF: 0.4092490280335584
INFO:root:NLF: 2.171362972239616

INFO:root:Epoch 9/9
INFO:root:--------------------
INFO:root:lr:1.0000000000000003e-05
INFO:root:Train Loss: 0.4562
INFO:root:LLF: 0.40045017393083693
INFO:root:NLF: 2.1392193696514297

INFO:root:Training complete in 1781m 44s
